2016/02/03 15:47:15 INFO  - jmeter.util.JMeterUtils: Setting Locale to en_US 
2016/02/03 15:47:15 INFO  - jmeter.JMeter: Loading user properties from: /usr/local/Cellar/jmeter/2.13/libexec/bin/user.properties 
2016/02/03 15:47:15 INFO  - jmeter.JMeter: Loading system properties from: /usr/local/Cellar/jmeter/2.13/libexec/bin/system.properties 
2016/02/03 15:47:15 INFO  - jmeter.JMeter: Copyright (c) 1998-2015 The Apache Software Foundation 
2016/02/03 15:47:15 INFO  - jmeter.JMeter: Version 2.13 r1665067 
2016/02/03 15:47:15 INFO  - jmeter.JMeter: java.version=1.8.0_65 
2016/02/03 15:47:15 INFO  - jmeter.JMeter: java.vm.name=Java HotSpot(TM) 64-Bit Server VM 
2016/02/03 15:47:15 INFO  - jmeter.JMeter: os.name=Mac OS X 
2016/02/03 15:47:15 INFO  - jmeter.JMeter: os.arch=x86_64 
2016/02/03 15:47:15 INFO  - jmeter.JMeter: os.version=10.11.1 
2016/02/03 15:47:15 INFO  - jmeter.JMeter: file.encoding=UTF-8 
2016/02/03 15:47:15 INFO  - jmeter.JMeter: Default Locale=English (United States) 
2016/02/03 15:47:15 INFO  - jmeter.JMeter: JMeter  Locale=English (United States) 
2016/02/03 15:47:15 INFO  - jmeter.JMeter: JMeterHome=/usr/local/Cellar/jmeter/2.13/libexec 
2016/02/03 15:47:15 INFO  - jmeter.JMeter: user.dir  =/Users/percivalslucena/arduino 
2016/02/03 15:47:15 INFO  - jmeter.JMeter: PWD       =/Users/percivalslucena/arduino 
2016/02/03 15:47:16 INFO  - jmeter.JMeter: IP: 9.86.220.66 Name: Percivals-MacBook-Pro.local FullName: 9.86.220.66 
2016/02/03 15:47:16 INFO  - jmeter.services.FileServer: Default base='/Users/percivalslucena/arduino' 
2016/02/03 15:47:16 INFO  - jmeter.services.FileServer: Set new base='/Users/percivalslucena/arduino' 
2016/02/03 15:47:16 INFO  - jmeter.save.SaveService: Testplan (JMX) version: 2.2. Testlog (JTL) version: 2.2 
2016/02/03 15:47:16 INFO  - jmeter.save.SaveService: Using SaveService properties file encoding UTF-8 
2016/02/03 15:47:16 INFO  - jmeter.save.SaveService: Using SaveService properties file version 1656252 
2016/02/03 15:47:16 INFO  - jmeter.save.SaveService: Using SaveService properties version 2.8 
2016/02/03 15:47:16 INFO  - jmeter.save.SaveService: All converter versions present and correct 
2016/02/03 15:47:16 INFO  - jmeter.save.SaveService: Loading file: performance.jmx 
2016/02/03 15:47:16 INFO  - jmeter.JMeter: Creating summariser <summary> 
2016/02/03 15:47:16 INFO  - jmeter.engine.StandardJMeterEngine: Listeners will be started after enabling running version 
2016/02/03 15:47:16 INFO  - jmeter.engine.StandardJMeterEngine: To revert to the earlier behaviour, define jmeterengine.startlistenerslater=false 
2016/02/03 15:47:16 INFO  - jmeter.engine.StandardJMeterEngine: Running the test! 
2016/02/03 15:47:16 INFO  - jmeter.samplers.SampleEvent: List of sample_variables: [] 
2016/02/03 15:47:16 INFO  - jmeter.samplers.SampleEvent: List of sample_variables: [] 
2016/02/03 15:47:16 INFO  - jmeter.engine.util.CompoundVariable: Note: Function class names must contain the string: '.functions.' 
2016/02/03 15:47:16 INFO  - jmeter.engine.util.CompoundVariable: Note: Function class names must not contain the string: '.gui.' 
2016/02/03 15:47:16 INFO  - jmeter.JMeter: Running test (1454521636654) 
2016/02/03 15:47:16 INFO  - jmeter.engine.StandardJMeterEngine: Starting ThreadGroup: 1 : Thread Group 
2016/02/03 15:47:16 INFO  - jmeter.engine.StandardJMeterEngine: Starting 10 threads for group Thread Group. 
2016/02/03 15:47:16 INFO  - jmeter.engine.StandardJMeterEngine: Thread will continue on error 
2016/02/03 15:47:16 INFO  - jmeter.threads.ThreadGroup: Starting thread group number 1 threads 10 ramp-up 1 perThread 100.0 delayedStart=false 
2016/02/03 15:47:16 INFO  - jmeter.threads.JMeterThread: jmeterthread.startearlier=true (see jmeter.properties) 
2016/02/03 15:47:16 INFO  - jmeter.threads.JMeterThread: Running PostProcessors in forward order 
2016/02/03 15:47:16 INFO  - jmeter.threads.JMeterThread: Thread started: Thread Group 1-1 
2016/02/03 15:47:16 INFO  - jmeter.threads.JMeterThread: Thread is done: Thread Group 1-1 
2016/02/03 15:47:16 INFO  - jmeter.threads.JMeterThread: Thread finished: Thread Group 1-1 
2016/02/03 15:47:16 INFO  - jmeter.threads.ThreadGroup: Started thread group number 1 
2016/02/03 15:47:16 INFO  - jmeter.engine.StandardJMeterEngine: All thread groups have been started 
2016/02/03 15:47:16 INFO  - jmeter.threads.JMeterThread: Thread started: Thread Group 1-2 
2016/02/03 15:47:16 INFO  - jmeter.threads.JMeterThread: Thread is done: Thread Group 1-2 
2016/02/03 15:47:16 INFO  - jmeter.threads.JMeterThread: Thread finished: Thread Group 1-2 
2016/02/03 15:47:16 INFO  - jmeter.threads.JMeterThread: Thread started: Thread Group 1-3 
2016/02/03 15:47:16 INFO  - jmeter.threads.JMeterThread: Thread is done: Thread Group 1-3 
2016/02/03 15:47:16 INFO  - jmeter.threads.JMeterThread: Thread finished: Thread Group 1-3 
2016/02/03 15:47:16 INFO  - jmeter.threads.JMeterThread: Thread started: Thread Group 1-4 
2016/02/03 15:47:16 INFO  - jmeter.threads.JMeterThread: Thread is done: Thread Group 1-4 
2016/02/03 15:47:16 INFO  - jmeter.threads.JMeterThread: Thread finished: Thread Group 1-4 
2016/02/03 15:47:17 INFO  - jmeter.threads.JMeterThread: Thread started: Thread Group 1-5 
2016/02/03 15:47:17 INFO  - jmeter.threads.JMeterThread: Thread is done: Thread Group 1-5 
2016/02/03 15:47:17 INFO  - jmeter.threads.JMeterThread: Thread finished: Thread Group 1-5 
2016/02/03 15:47:17 INFO  - jmeter.threads.JMeterThread: Thread started: Thread Group 1-6 
2016/02/03 15:47:17 INFO  - jmeter.threads.JMeterThread: Thread is done: Thread Group 1-6 
2016/02/03 15:47:17 INFO  - jmeter.threads.JMeterThread: Thread finished: Thread Group 1-6 
2016/02/03 15:47:17 INFO  - jmeter.threads.JMeterThread: Thread started: Thread Group 1-7 
2016/02/03 15:47:17 INFO  - jmeter.threads.JMeterThread: Thread is done: Thread Group 1-7 
2016/02/03 15:47:17 INFO  - jmeter.threads.JMeterThread: Thread finished: Thread Group 1-7 
2016/02/03 15:47:17 INFO  - jmeter.threads.JMeterThread: Thread started: Thread Group 1-8 
2016/02/03 15:47:17 INFO  - jmeter.threads.JMeterThread: Thread is done: Thread Group 1-8 
2016/02/03 15:47:17 INFO  - jmeter.threads.JMeterThread: Thread finished: Thread Group 1-8 
2016/02/03 15:47:17 INFO  - jmeter.threads.JMeterThread: Thread started: Thread Group 1-9 
2016/02/03 15:47:17 INFO  - jmeter.threads.JMeterThread: Thread is done: Thread Group 1-9 
2016/02/03 15:47:17 INFO  - jmeter.threads.JMeterThread: Thread finished: Thread Group 1-9 
2016/02/03 15:47:17 INFO  - jmeter.threads.JMeterThread: Thread started: Thread Group 1-10 
2016/02/03 15:47:17 INFO  - jmeter.threads.JMeterThread: Thread is done: Thread Group 1-10 
2016/02/03 15:47:17 INFO  - jmeter.threads.JMeterThread: Thread finished: Thread Group 1-10 
2016/02/03 15:47:17 INFO  - jmeter.engine.StandardJMeterEngine: Notifying test listeners of end of test 
2016/02/03 15:47:17 INFO  - jmeter.reporters.Summariser: summary =      0 in     0s = ******/s Avg:     0 Min: 9223372036854775807 Max: -9223372036854775808 Err:     0 (0.00%) 
